/scratch_net/biwidl213/silvasta/apps/Conda/conda_envs/CenterNet/lib/python3.6/site-packages/torch/nn/functional.py:52: UserWarning: size_average and reduce args will be deprecated, please use reduction='sum' instead.
  warnings.warn(warning.format(ret))
/scratch_net/biwidl213/silvasta/apps/Conda/conda_envs/CenterNet/lib/python3.6/site-packages/torch/nn/parallel/_functions.py:58: UserWarning: Was asked to gather along dimension 0, but all input tensors were scalars; will instead unsqueeze and return a vector.
  warnings.warn('Was asked to gather along dimension 0, but all '
Traceback (most recent call last):
  File "main.py", line 105, in <module>
    main(opt)
  File "main.py", line 72, in main
    log_dict_train, _ = trainer.train(epoch, train_loader)
  File "/scratch_net/biwidl213/silvasta/detectors/CenterNet/src/lib/trains/base_trainer.py", line 119, in train
    return self.run_epoch('train', epoch, data_loader)
  File "/scratch_net/biwidl213/silvasta/detectors/CenterNet/src/lib/trains/base_trainer.py", line 73, in run_epoch
    loss.backward()
  File "/scratch_net/biwidl213/silvasta/apps/Conda/conda_envs/CenterNet/lib/python3.6/site-packages/torch/tensor.py", line 93, in backward
    torch.autograd.backward(self, gradient, retain_graph, create_graph)
  File "/scratch_net/biwidl213/silvasta/apps/Conda/conda_envs/CenterNet/lib/python3.6/site-packages/torch/autograd/__init__.py", line 90, in backward
    allow_unreachable=True)  # allow_unreachable flag
RuntimeError: element 0 of tensors does not require grad and does not have a grad_fn
Traceback (most recent call last):
  File "test.py", line 133, in <module>
    prefetch_test(opt)
  File "test.py", line 64, in prefetch_test
    detector = Detector(opt)
  File "/scratch_net/biwidl213/silvasta/detectors/CenterNet/src/lib/detectors/ctdet.py", line 26, in __init__
    super(CtdetDetector, self).__init__(opt)
  File "/scratch_net/biwidl213/silvasta/detectors/CenterNet/src/lib/detectors/base_detector.py", line 25, in __init__
    self.model = load_model(self.model, opt.load_model)
  File "/scratch_net/biwidl213/silvasta/detectors/CenterNet/src/lib/models/model.py", line 54, in load_model
    checkpoint = torch.load(model_path, map_location=lambda storage, loc: storage)
  File "/scratch_net/biwidl213/silvasta/apps/Conda/conda_envs/CenterNet/lib/python3.6/site-packages/torch/serialization.py", line 356, in load
    f = open(f, 'rb')
FileNotFoundError: [Errno 2] No such file or directory: '../exp/ctdet/robocup_head_loop/model_last.pth'
Traceback (most recent call last):
  File "test.py", line 133, in <module>
    prefetch_test(opt)
  File "test.py", line 64, in prefetch_test
    detector = Detector(opt)
  File "/scratch_net/biwidl213/silvasta/detectors/CenterNet/src/lib/detectors/ctdet.py", line 26, in __init__
    super(CtdetDetector, self).__init__(opt)
  File "/scratch_net/biwidl213/silvasta/detectors/CenterNet/src/lib/detectors/base_detector.py", line 25, in __init__
    self.model = load_model(self.model, opt.load_model)
  File "/scratch_net/biwidl213/silvasta/detectors/CenterNet/src/lib/models/model.py", line 54, in load_model
    checkpoint = torch.load(model_path, map_location=lambda storage, loc: storage)
  File "/scratch_net/biwidl213/silvasta/apps/Conda/conda_envs/CenterNet/lib/python3.6/site-packages/torch/serialization.py", line 356, in load
    f = open(f, 'rb')
FileNotFoundError: [Errno 2] No such file or directory: '../exp/ctdet/robocup_head_loop/model_best.pth'
