Traceback (most recent call last):
  File "main.py", line 120, in <module>
    main(opt)
  File "main.py", line 56, in main
    Dataset(opt, 'val'), 
  File "/scratch_net/biwidl213/silvasta/bachelor-thesis-line-detection/CenterLine/src/lib/datasets/dataset/random_4_categories.py", line 52, in __init__
    self.coco = coco.COCO(self.annot_path)
  File "/home/silvasta/.local/lib/python3.6/site-packages/pycocotools-2.0-py3.6-linux-x86_64.egg/pycocotools/coco.py", line 84, in __init__
    dataset = json.load(open(annotation_file, 'r'))
FileNotFoundError: [Errno 2] No such file or directory: '/scratch_net/biwidl213/silvasta/bachelor-thesis-line-detection/CenterLine/src/lib/../../data/random_line_20k/annotations/random_4categories_val.json'
Traceback (most recent call last):
  File "test.py", line 61, in <module>
    test(opt)
  File "test.py", line 33, in test
    detector = Detector(opt)
  File "/scratch_net/biwidl213/silvasta/bachelor-thesis-line-detection/CenterLine/src/lib/detectors/line.py", line 26, in __init__
    super(LineDetector, self).__init__(opt)
  File "/scratch_net/biwidl213/silvasta/bachelor-thesis-line-detection/CenterLine/src/lib/detectors/base_detector.py", line 25, in __init__
    self.model = load_model(self.model, opt.load_model)
  File "/scratch_net/biwidl213/silvasta/bachelor-thesis-line-detection/CenterLine/src/lib/models/model.py", line 31, in load_model
    checkpoint = torch.load(model_path, map_location=lambda storage, loc: storage)
  File "/scratch_net/biwidl213/silvasta/apps/Conda/conda_envs/CenterNet/lib/python3.6/site-packages/torch/serialization.py", line 356, in load
    f = open(f, 'rb')
FileNotFoundError: [Errno 2] No such file or directory: '/scratch_net/biwidl213/silvasta/bachelor-thesis-line-detection/CenterLine/src/lib/../../exp/line/rand_line_medium_4cat/model_last.pth'
usage: demo.py [-h] [--dataset DATASET] [--detector DETECTOR]
               [--annot_name ANNOT_NAME] [--exp_id EXP_ID] [--test]
               [--debug DEBUG] [--demo DEMO] [--demo_out DEMO_OUT]
               [--load_model LOAD_MODEL] [--resume] [--gpus GPUS]
               [--num_workers NUM_WORKERS] [--not_cuda_benchmark]
               [--seed SEED] [--print_iter PRINT_ITER] [--hide_data_time]
               [--save_all] [--metric METRIC] [--vis_thresh VIS_THRESH]
               [--debugger_theme {white,black}] [--arch ARCH]
               [--head_conv HEAD_CONV] [--down_ratio DOWN_RATIO]
               [--input_res INPUT_RES] [--input_h INPUT_H] [--input_w INPUT_W]
               [--lr LR] [--lr_step LR_STEP] [--num_epochs NUM_EPOCHS]
               [--batch_size BATCH_SIZE]
               [--master_batch_size MASTER_BATCH_SIZE] [--num_iters NUM_ITERS]
               [--val_intervals VAL_INTERVALS] [--trainval] [--flip_test]
               [--test_scales TEST_SCALES] [--nms] [--K K] [--fix_res]
               [--keep_res] [--not_rand_crop] [--shift SHIFT] [--scale SCALE]
               [--rotate ROTATE] [--flip FLIP] [--no_color_aug] [--mse_loss]
               [--reg_loss REG_LOSS] [--hm_weight HM_WEIGHT]
               [--off_weight OFF_WEIGHT] [--wh_weight WH_WEIGHT] [--norm_wh]
               [--dense_wh] [--cat_spec_wh] [--not_reg_offset]
               [--center_thresh CENTER_THRESH] [--eval_oracle_hm]
               [--eval_oracle_wh] [--eval_oracle_offset]
               task
demo.py: error: argument --demo: expected one argument
