DCNv2 compiled correctly
Creating model...
=> loading pretrained model https://download.pytorch.org/models/resnet18-5c106cde.pth
=> init deconv weights from normal distribution
Setting up data...
==> initializing rand_line_20k "val" data.
loading annotations into memory...
Done (t=0.02s)
creating index...
index created!
Loaded val 2000 samples
==> initializing rand_line_20k "train" data.
loading annotations into memory...
Done (t=0.18s)
creating index...
index created!
Loaded train 20000 samples
Starting training...
Epoch 1 finished
Epoch 2 finished
Epoch 3 finished
Epoch 4 finished
Epoch 5 finished
Epoch 6 finished
Epoch 7 finished
Epoch 8 finished
Epoch 9 finished
Epoch 10 finished
Epoch 11 finished
Epoch 12 finished
Epoch 13 finished
Epoch 14 finished
Epoch 15 finished
Epoch 16 finished
Epoch 17 finished
Epoch 18 finished
Epoch 19 finished
Epoch 20 finished
Epoch 21 finished
Epoch 22 finished
Epoch 23 finished
Epoch 24 finished
Epoch 25 finished
Epoch 26 finished
Epoch 27 finished
Epoch 28 finished
Epoch 29 finished
Epoch 30 finished
Epoch 31 finished
Epoch 32 finished
Epoch 33 finished
Epoch 34 finished
Epoch 35 finished
Epoch 36 finished
Epoch 37 finished
Epoch 38 finished
Epoch 39 finished
Epoch 40 finished
Epoch 41 finished
Epoch 42 finished
Epoch 43 finished
Epoch 44 finished
Epoch 45 finished
Epoch 46 finished
Epoch 47 finished
Epoch 48 finished
Epoch 49 finished
Epoch 50 finished
Epoch 51 finished
Epoch 52 finished
Epoch 53 finished
Epoch 54 finished
Epoch 55 finished
Epoch 56 finished
Epoch 57 finished
Epoch 58 finished
Epoch 59 finished
Epoch 60 finished
Epoch 61 finished
Epoch 62 finished
Epoch 63 finished
Epoch 64 finished
Epoch 65 finished
Epoch 66 finished
Epoch 67 finished
Epoch 68 finished
Epoch 69 finished
Epoch 70 finished
Epoch 71 finished
Epoch 72 finished
Epoch 73 finished
Epoch 74 finished
Epoch 75 finished
Epoch 76 finished
Epoch 77 finished
Epoch 78 finished
Epoch 79 finished
Epoch 80 finished
Epoch 81 finished
Epoch 82 finished
Epoch 83 finished
Epoch 84 finished
Epoch 85 finished
Epoch 86 finished
Epoch 87 finished
Epoch 88 finished
Epoch 89 finished
Drop LR to 1.25e-05
Epoch 90 finished
Epoch 91 finished
Epoch 92 finished
Epoch 93 finished
Epoch 94 finished
Epoch 95 finished
Epoch 96 finished
Epoch 97 finished
Epoch 98 finished
Epoch 99 finished
Epoch 100 finished
Epoch 101 finished
Epoch 102 finished
Epoch 103 finished
Epoch 104 finished
Epoch 105 finished
Epoch 106 finished
Epoch 107 finished
Epoch 108 finished
Epoch 109 finished
Epoch 110 finished
Epoch 111 finished
Epoch 112 finished
Epoch 113 finished
Epoch 114 finished
Epoch 115 finished
Epoch 116 finished
Epoch 117 finished
Epoch 118 finished
Epoch 119 finished
Drop LR to 1.2500000000000003e-06
Epoch 120 finished
Epoch 121 finished
Epoch 122 finished
Epoch 123 finished
Epoch 124 finished
Epoch 125 finished
Epoch 126 finished
Epoch 127 finished
Epoch 128 finished
Epoch 129 finished
Epoch 130 finished
Epoch 131 finished
Epoch 132 finished
Epoch 133 finished
Epoch 134 finished
Epoch 135 finished
Epoch 136 finished
Epoch 137 finished
Epoch 138 finished
Epoch 139 finished
Epoch 140 finished
...training finished!
NMS not imported! If you need it, do 
 cd $CenterNet_ROOT/src/lib/external 
 make
==> initializing rand_line_20k "val" data.
loading annotations into memory...
Done (t=0.02s)
creating index...
index created!
Loaded val 2000 samples
Creating model...
=> loading pretrained model https://download.pytorch.org/models/resnet18-5c106cde.pth
=> init deconv weights from normal distribution
loaded /scratch_net/biwidl213/silvasta/bachelor-thesis-line-detection/CenterLine/src/lib/../../exp/line/rand_line_medium_4cat/model_last.pth, epoch 140
Loading and preparing results...
DONE (t=1.02s)
creating index...
index created!
Running per image evaluation...
Evaluate annotation type *bbox*
DONE (t=11.37s).
Accumulating evaluation results...
DONE (t=2.10s).
 Average Precision  (AP) @[ IoU=0.50:0.95 | area=   all | maxDets=100 ] = 0.238
 Average Precision  (AP) @[ IoU=0.50      | area=   all | maxDets=100 ] = 0.280
 Average Precision  (AP) @[ IoU=0.75      | area=   all | maxDets=100 ] = 0.266
 Average Precision  (AP) @[ IoU=0.50:0.95 | area= small | maxDets=100 ] = 0.000
 Average Precision  (AP) @[ IoU=0.50:0.95 | area=medium | maxDets=100 ] = 0.101
 Average Precision  (AP) @[ IoU=0.50:0.95 | area= large | maxDets=100 ] = 0.452
 Average Recall     (AR) @[ IoU=0.50:0.95 | area=   all | maxDets=  1 ] = 0.281
 Average Recall     (AR) @[ IoU=0.50:0.95 | area=   all | maxDets= 10 ] = 0.692
 Average Recall     (AR) @[ IoU=0.50:0.95 | area=   all | maxDets=100 ] = 0.758
 Average Recall     (AR) @[ IoU=0.50:0.95 | area= small | maxDets=100 ] = 0.082
 Average Recall     (AR) @[ IoU=0.50:0.95 | area=medium | maxDets=100 ] = 0.568
 Average Recall     (AR) @[ IoU=0.50:0.95 | area= large | maxDets=100 ] = 0.887
AP(10) = 0.0014199999999999924
AR(10) = 0.05442817460317464
AP(15) = 0.0026899999999999693
AR(15) = 0.0974035714285712
AP(20) = 0.0034449999999999563
AR(20) = 0.12252519841269828
NMS not imported! If you need it, do 
 cd $CenterNet_ROOT/src/lib/external 
 make
Creating model...
=> loading pretrained model https://download.pytorch.org/models/resnet18-5c106cde.pth
=> init deconv weights from normal distribution
