usage: test_line.py [-h] [--dataset DATASET] [--detector DETECTOR]
                    [--annot_name ANNOT_NAME] [--exp_id EXP_ID] [--test]
                    [--debug DEBUG] [--demo DEMO] [--demo_out DEMO_OUT]
                    [--load_model LOAD_MODEL] [--resume] [--gpus GPUS]
                    [--num_workers NUM_WORKERS] [--not_cuda_benchmark]
                    [--seed SEED] [--print_iter PRINT_ITER] [--hide_data_time]
                    [--save_all] [--metric METRIC] [--vis_thresh VIS_THRESH]
                    [--debugger_theme {white,black}] [--arch ARCH]
                    [--head_conv HEAD_CONV] [--down_ratio DOWN_RATIO]
                    [--input_res INPUT_RES] [--input_h INPUT_H]
                    [--input_w INPUT_W] [--lr LR] [--lr_step LR_STEP]
                    [--num_epochs NUM_EPOCHS] [--batch_size BATCH_SIZE]
                    [--master_batch_size MASTER_BATCH_SIZE]
                    [--num_iters NUM_ITERS] [--val_intervals VAL_INTERVALS]
                    [--trainval] [--flip_test] [--test_scales TEST_SCALES]
                    [--nms] [--K K] [--fix_res] [--keep_res] [--not_rand_crop]
                    [--shift SHIFT] [--scale SCALE] [--rotate ROTATE]
                    [--flip FLIP] [--no_color_aug] [--mse_loss]
                    [--reg_loss REG_LOSS] [--hm_weight HM_WEIGHT]
                    [--off_weight OFF_WEIGHT] [--wh_weight WH_WEIGHT]
                    [--norm_wh] [--dense_wh] [--cat_spec_wh]
                    [--not_reg_offset] [--center_thresh CENTER_THRESH]
                    [--eval_oracle_hm] [--eval_oracle_wh]
                    [--eval_oracle_offset]
                    task
test_line.py: error: argument --exp_id: expected one argument
