/scratch_net/biwidl213/silvasta/apps/Conda/conda_envs/CenterNet/lib/python3.6/site-packages/torch/nn/functional.py:52: UserWarning: size_average and reduce args will be deprecated, please use reduction='sum' instead.
  warnings.warn(warning.format(ret))
Traceback (most recent call last):
  File "main.py", line 120, in <module>
    main(opt)
  File "main.py", line 84, in main
    log_dict_train, _ = trainer.train(epoch, train_loader)
  File "/scratch_net/biwidl213/silvasta/bachelor-thesis-line-detection/CenterLine/src/lib/trains/base_trainer.py", line 125, in train
    return self.run_epoch('train', epoch, data_loader)
  File "/scratch_net/biwidl213/silvasta/bachelor-thesis-line-detection/CenterLine/src/lib/trains/base_trainer.py", line 101, in run_epoch
    self.debug(batch, output, iter_id)
  File "/scratch_net/biwidl213/silvasta/bachelor-thesis-line-detection/CenterLine/src/lib/trains/line.py", line 112, in debug
    debugger.add_lines(dets[i, k, :4], dets[i, k, -1],img_id="out_pred")
  File "/scratch_net/biwidl213/silvasta/bachelor-thesis-line-detection/CenterLine/src/lib/utils/debugger.py", line 184, in add_lines
    print_lines(self.imgs[img_id], bbox[0:4], color=c,cat=cat)
  File "/scratch_net/biwidl213/silvasta/bachelor-thesis-line-detection/CenterLine/src/lib/utils/metric.py", line 129, in print_lines
    line = bbox_to_line(cat=cat, bbox=bbox)
  File "/scratch_net/biwidl213/silvasta/bachelor-thesis-line-detection/CenterLine/src/lib/utils/metric.py", line 110, in bbox_to_line
    return (p1, p2)
UnboundLocalError: local variable 'p1' referenced before assignment
