Traceback (most recent call last):
  File "main.py", line 120, in <module>
    main(opt)
  File "main.py", line 56, in main
    Dataset(opt, 'val'), 
  File "/scratch_net/biwidl213/silvasta/bachelor-thesis-line-detection/CenterLine/src/lib/datasets/dataset/random_4_categories.py", line 52, in __init__
    self.coco = coco.COCO(self.annot_path)
  File "/home/silvasta/.local/lib/python3.6/site-packages/pycocotools-2.0-py3.6-linux-x86_64.egg/pycocotools/coco.py", line 84, in __init__
    dataset = json.load(open(annotation_file, 'r'))
FileNotFoundError: [Errno 2] No such file or directory: '/scratch_net/biwidl213/silvasta/bachelor-thesis-line-detection/CenterLine/src/lib/../../data/roboline/annotations/random_4categories_val.json'
Traceback (most recent call last):
  File "test.py", line 59, in <module>
    test(opt)
  File "test.py", line 31, in test
    dataset = Dataset(opt, split)
  File "/scratch_net/biwidl213/silvasta/bachelor-thesis-line-detection/CenterLine/src/lib/datasets/dataset/random_4_categories.py", line 52, in __init__
    self.coco = coco.COCO(self.annot_path)
  File "/home/silvasta/.local/lib/python3.6/site-packages/pycocotools-2.0-py3.6-linux-x86_64.egg/pycocotools/coco.py", line 84, in __init__
    dataset = json.load(open(annotation_file, 'r'))
FileNotFoundError: [Errno 2] No such file or directory: '/scratch_net/biwidl213/silvasta/bachelor-thesis-line-detection/CenterLine/src/lib/../../data/roboline/annotations/random_4categories_val.json'
Traceback (most recent call last):
  File "demo.py", line 56, in <module>
    opt = opts().init()
  File "/scratch_net/biwidl213/silvasta/bachelor-thesis-line-detection/CenterLine/src/lib/opts.py", line 283, in init
    dataset = Struct(default_dataset_info[opt.dataset])
KeyError: 'roboline'
